\BOOKMARK [0][-]{chapter*.3}{\376\377\000I\000n\000t\000r\000o\000d\000u\000c\000t\000i\000o\000n}{}% 1
\BOOKMARK [-1][-]{part.1}{\376\377\000I\000\040\000B\000r\000a\000g\000g\000\040\000C\000o\000h\000e\000r\000e\000n\000t\000\040\000D\000i\000f\000f\000r\000a\000c\000t\000i\000o\000n\000\040\000I\000m\000a\000g\000i\000n\000g}{}% 2
\BOOKMARK [0][-]{chapter.1}{\376\377\000S\000i\000n\000g\000l\000e\000\040\000c\000r\000y\000s\000t\000a\000l\000\040\000d\000i\000f\000f\000r\000a\000c\000t\000i\000o\000n}{part.1}% 3
\BOOKMARK [0][-]{chapter.2}{\376\377\000P\000h\000a\000s\000e\000\040\000P\000r\000o\000b\000l\000e\000m}{part.1}% 4
\BOOKMARK [-1][-]{part.2}{\376\377\000I\000I\000\040\000C\000o\000n\000v\000o\000l\000u\000t\000i\000o\000n\000a\000l\000\040\000N\000e\000u\000r\000a\000l\000\040\000N\000e\000t\000w\000o\000r\000k\000s}{}% 5
\BOOKMARK [0][-]{chapter.3}{\376\377\000I\000n\000t\000r\000o\000d\000u\000c\000t\000i\000o\000n\000\040\000o\000n\000\040\000n\000e\000u\000r\000a\000l\000\040\000n\000e\000t\000w\000o\000r\000k\000s}{part.2}% 6
\BOOKMARK [0][-]{chapter.4}{\376\377\000C\000o\000n\000v\000o\000l\000u\000t\000i\000o\000n\000a\000l}{part.2}% 7
\BOOKMARK [0][-]{chapter.5}{\376\377\000U\000-\000N\000e\000t\000\040\000a\000n\000d\000\040\000M\000S\000D\000-\000N\000e\000t}{part.2}% 8
\BOOKMARK [-1][-]{part.3}{\376\377\000I\000I\000I\000\040\000D\000e\000e\000p\000\040\000l\000e\000a\000r\000n\000i\000n\000g\000\040\000f\000o\000r\000\040\000D\000e\000t\000e\000c\000t\000o\000r\000\040\000G\000a\000p\000s\000\040\000I\000n\000p\000a\000i\000n\000t\000i\000n\000g}{}% 9
\BOOKMARK [0][-]{chapter.6}{\376\377\000S\000t\000a\000t\000e\000\040\000o\000f\000\040\000t\000h\000e\000\040\000a\000r\000t}{part.3}% 10
\BOOKMARK [0][-]{chapter.7}{\376\377\000G\000a\000p\000\040\000i\000n\000d\000u\000c\000e\000d\000\040\000a\000r\000t\000i\000f\000a\000c\000t\000s}{part.3}% 11
\BOOKMARK [0][-]{chapter.8}{\376\377\000M\000o\000d\000e\000l\000\040\000d\000e\000s\000i\000g\000n}{part.3}% 12
\BOOKMARK [0][-]{chapter.9}{\376\377\000P\000a\000t\000c\000h\000i\000n\000g\000\040\000a\000p\000p\000r\000o\000a\000c\000h}{part.3}% 13
\BOOKMARK [0][-]{chapter.10}{\376\377\000R\000e\000s\000u\000l\000t\000s\000\040\000i\000n\000\040\000d\000e\000t\000e\000c\000t\000o\000r\000\040\000s\000p\000a\000c\000e}{part.3}% 14
\BOOKMARK [0][-]{chapter.11}{\376\377\000R\000e\000s\000u\000l\000t\000s\000\040\000i\000n\000\040\000r\000e\000a\000l\000\040\000s\000p\000a\000c\000e}{part.3}% 15
\BOOKMARK [0][-]{chapter.12}{\376\377\000F\000i\000n\000e\000\040\000t\000u\000n\000i\000n\000g}{part.3}% 16
\BOOKMARK [0][-]{chapter.13}{\376\377\000P\000e\000r\000f\000o\000r\000m\000a\000n\000c\000e\000s\000\040\000a\000s\000s\000e\000s\000s\000m\000e\000n\000t}{part.3}% 17
\BOOKMARK [-1][-]{part.4}{\376\377\000I\000V\000\040\000D\000e\000e\000p\000\040\000l\000e\000a\000r\000n\000i\000n\000g\000\040\000f\000o\000r\000\040\000P\000h\000a\000s\000e\000\040\000R\000e\000t\000r\000i\000e\000v\000a\000l}{}% 18
\BOOKMARK [0][-]{chapter.14}{\376\377\000S\000t\000a\000t\000e\000\040\000o\000f\000\040\000t\000h\000e\000\040\000a\000r\000t}{part.4}% 19
\BOOKMARK [0][-]{chapter.15}{\376\377\000H\000i\000g\000h\000l\000y\000\040\000s\000t\000r\000a\000i\000n\000e\000d\000\040\000c\000r\000y\000s\000t\000a\000l\000s}{part.4}% 20
\BOOKMARK [0][-]{chapter.16}{\376\377\000R\000e\000c\000i\000p\000r\000o\000c\000a\000l\000\040\000s\000p\000a\000c\000e\000\040\000p\000h\000a\000s\000i\000n\000g}{part.4}% 21
\BOOKMARK [0][-]{chapter.17}{\376\377\000P\000h\000a\000s\000e\000\040\000s\000y\000m\000m\000e\000t\000r\000i\000e\000s\000\040\000b\000r\000e\000a\000k\000i\000n\000g}{part.4}% 22
\BOOKMARK [0][-]{chapter.18}{\376\377\000M\000o\000d\000e\000l\000\040\000d\000e\000s\000i\000g\000n}{part.4}% 23
\BOOKMARK [0][-]{chapter.19}{\376\377\000R\000e\000s\000u\000l\000t\000s\000\040\000o\000n\000\040\0002\000D\000\040\000c\000a\000s\000e}{part.4}% 24
\BOOKMARK [0][-]{chapter.20}{\376\377\000R\000e\000s\000u\000l\000t\000s\000\040\000o\000n\000\040\0003\000D\000\040\000c\000a\000s\000e}{part.4}% 25
\BOOKMARK [0][-]{chapter.21}{\376\377\000R\000e\000f\000i\000n\000e\000m\000e\000n\000t\000\040\000w\000i\000t\000h\000\040\000i\000t\000e\000r\000a\000t\000i\000v\000e\000\040\000a\000l\000g\000o\000r\000i\000t\000h\000m\000s}{part.4}% 26
\BOOKMARK [0][-]{chapter.22}{\376\377\000E\000x\000p\000e\000r\000i\000m\000e\000n\000t\000a\000l\000\040\000r\000e\000s\000u\000l\000t\000s}{part.4}% 27
\BOOKMARK [-1][-]{part.5}{\376\377\000V\000\040\000C\000o\000n\000c\000l\000u\000s\000i\000o\000n\000s}{}% 28
\BOOKMARK [0][-]{section*.4}{\376\377\000B\000i\000b\000l\000i\000o\000g\000r\000a\000p\000h\000y}{part.5}% 29
\BOOKMARK [0][-]{section*.5}{\376\377\000T\000a\000b\000l\000e\000\040\000d\000e\000s\000\040\000a\000n\000n\000e\000x\000e\000s}{part.5}% 30
\BOOKMARK [0][-]{appendix.1.A}{\376\377\000A\000p\000p\000e\000n\000d\000i\000x\000\040\000A\000p\000p\000e\000n\000d\000i\000x}{part.5}% 31
